<?xml version="1.0" encoding="UTF-8" ?>
<testsuite tests="29" failures="0" name="stepDefs.TestRunner" time="46.316" errors="0" skipped="29">
  <properties>
    <property name="java.runtime.name" value="Java(TM) SE Runtime Environment"/>
    <property name="java.vm.version" value="11.0.13+10-LTS-370"/>
    <property name="sun.boot.library.path" value="C:\Program Files\Java\jdk-11.0.13\bin"/>
    <property name="maven.multiModuleProjectDirectory" value="C:\CucumberProject"/>
    <property name="java.vm.vendor" value="Oracle Corporation"/>
    <property name="java.vendor.url" value="https://openjdk.java.net/"/>
    <property name="guice.disable.misplaced.annotation.check" value="true"/>
    <property name="path.separator" value=";"/>
    <property name="java.vm.name" value="Java HotSpot(TM) 64-Bit Server VM"/>
    <property name="sun.os.patch.level" value=""/>
    <property name="user.script" value=""/>
    <property name="user.country" value="IN"/>
    <property name="sun.java.launcher" value="SUN_STANDARD"/>
    <property name="java.vm.specification.name" value="Java Virtual Machine Specification"/>
    <property name="user.dir" value="C:\CucumberProject"/>
    <property name="java.vm.compressedOopsMode" value="Zero based"/>
    <property name="java.runtime.version" value="11.0.13+10-LTS-370"/>
    <property name="java.awt.graphicsenv" value="sun.awt.Win32GraphicsEnvironment"/>
    <property name="os.arch" value="amd64"/>
    <property name="java.io.tmpdir" value="C:\Users\hp\AppData\Local\Temp\"/>
    <property name="line.separator" value="
"/>
    <property name="java.vm.specification.vendor" value="Oracle Corporation"/>
    <property name="user.variant" value=""/>
    <property name="os.name" value="Windows 10"/>
    <property name="classworlds.conf" value="C:\apache-maven-3.8.4\bin\m2.conf"/>
    <property name="sun.jnu.encoding" value="Cp1252"/>
    <property name="java.library.path" value="C:\Program Files\Java\jdk-11.0.13\bin;C:\windows\Sun\Java\bin;C:\windows\system32;C:\windows;C:\windows\system32;C:\windows;C:\windows\System32\Wbem;C:\windows\System32\WindowsPowerShell\v1.0\;C:\windows\System32\OpenSSH\;C:\Program Files\MySQL\MySQL Server 8.0\bin;C:\apache-maven-3.8.4\bin;C:\Program Files\Java\jdk-11.0.13\bin;C:\Program Files\Git\bin;C:\Program Files\Java\jdk-11.0.13\bin;C:\Ant\apache-ant-1.10.12-bin\apache-ant-1.10.12\bin;C:\Users\hp\AppData\Local\Microsoft\WindowsApps;."/>
    <property name="maven.conf" value="C:\apache-maven-3.8.4/conf"/>
    <property name="jdk.debug" value="release"/>
    <property name="java.class.version" value="55.0"/>
    <property name="java.specification.name" value="Java Platform API Specification"/>
    <property name="sun.management.compiler" value="HotSpot 64-Bit Tiered Compilers"/>
    <property name="os.version" value="10.0"/>
    <property name="library.jansi.path" value="C:\apache-maven-3.8.4\lib\jansi-native"/>
    <property name="user.home" value="C:\Users\hp"/>
    <property name="user.timezone" value="Asia/Calcutta"/>
    <property name="java.awt.printerjob" value="sun.awt.windows.WPrinterJob"/>
    <property name="file.encoding" value="Cp1252"/>
    <property name="java.specification.version" value="11"/>
    <property name="user.name" value="hp"/>
    <property name="java.class.path" value="C:\apache-maven-3.8.4\boot\plexus-classworlds-2.6.0.jar"/>
    <property name="java.vm.specification.version" value="11"/>
    <property name="sun.arch.data.model" value="64"/>
    <property name="sun.java.command" value="org.codehaus.plexus.classworlds.launcher.Launcher test"/>
    <property name="java.home" value="C:\Program Files\Java\jdk-11.0.13"/>
    <property name="user.language" value="en"/>
    <property name="java.specification.vendor" value="Oracle Corporation"/>
    <property name="awt.toolkit" value="sun.awt.windows.WToolkit"/>
    <property name="java.vm.info" value="mixed mode"/>
    <property name="java.version" value="11.0.13"/>
    <property name="java.vendor" value="Oracle Corporation"/>
    <property name="sun.stderr.encoding" value="cp437"/>
    <property name="maven.home" value="C:\apache-maven-3.8.4"/>
    <property name="file.separator" value="\"/>
    <property name="java.version.date" value="2021-10-19"/>
    <property name="java.vendor.url.bug" value="https://bugreport.java.com/bugreport/"/>
    <property name="sun.io.unicode.encoding" value="UnicodeLittle"/>
    <property name="sun.cpu.endian" value="little"/>
    <property name="java.vendor.version" value="18.9"/>
    <property name="sun.stdout.encoding" value="cp437"/>
    <property name="sun.desktop" value="windows"/>
    <property name="sun.cpu.isalist" value="amd64"/>
  </properties>
  <testcase classname="This feature would be used to design the Login page of the application" name="Validate the Successful Login" time="2.351">
    <skipped/>
    <system-err>Starting ChromeDriver 99.0.4844.51 (d537ec02474b5afe23684e7963d538896c63ac77-refs/branch-heads/4844@{#875}) on port 38832
Only local connections are allowed.
Please see https://chromedriver.chromium.org/security-considerations for suggestions on keeping ChromeDriver safe.
ChromeDriver was started successfully.
[1649870309.281][WARNING]: This version of ChromeDriver has not been tested with Chrome version 100.
Apr 13, 2022 10:48:29 PM org.openqa.selenium.remote.ProtocolHandshake createSession
INFO: Detected dialect: W3C
</system-err>
  </testcase>
  <testcase classname="This feature would be used to design the Login page of the application" name="Validate the Successful Login" time="2.352">
    <skipped/>
  </testcase>
  <testcase classname="This feature would be used to design the Login page of the application" name="Validate the Successful Login" time="2.352">
    <skipped/>
  </testcase>
  <testcase classname="This feature would be used to design the Login page of the application" name="Validate the Successful Login" time="2.352">
    <skipped/>
  </testcase>
  <testcase classname="This feature would be used to design the Login page of the application" name="Validate the Successful Login" time="2.352">
    <skipped/>
  </testcase>
  <testcase classname="This feature would be used to design the Login page of the application" name="Validate the Successful Login" time="2.352">
    <skipped/>
  </testcase>
  <testcase classname="This feature would be used to design the Login page of the application" name="Validate the Successful Login" time="1.386">
    <skipped/>
    <system-err>Starting ChromeDriver 99.0.4844.51 (d537ec02474b5afe23684e7963d538896c63ac77-refs/branch-heads/4844@{#875}) on port 18919
Only local connections are allowed.
Please see https://chromedriver.chromium.org/security-considerations for suggestions on keeping ChromeDriver safe.
ChromeDriver was started successfully.
[1649870310.749][WARNING]: This version of ChromeDriver has not been tested with Chrome version 100.
Apr 13, 2022 10:48:30 PM org.openqa.selenium.remote.ProtocolHandshake createSession
INFO: Detected dialect: W3C
</system-err>
  </testcase>
  <testcase classname="This feature would be used to design the Login page of the application" name="Validate the Successful Login" time="1.386">
    <skipped/>
  </testcase>
  <testcase classname="This feature would be used to design the Login page of the application" name="Validate the Successful Login" time="1.386">
    <skipped/>
  </testcase>
  <testcase classname="This feature would be used to design the Login page of the application" name="Validate the Successful Login" time="1.386">
    <skipped/>
  </testcase>
  <testcase classname="This feature would be used to design the Login page of the application" name="Validate the Successful Login" time="1.386">
    <skipped/>
  </testcase>
  <testcase classname="This feature would be used to design the Login page of the application" name="Validate the Successful Login" time="1.386">
    <skipped/>
  </testcase>
  <testcase classname="This feature would be used to design the Login page of the application" name="Validate the Successful Login" time="1.386">
    <skipped/>
    <system-err>Starting ChromeDriver 99.0.4844.51 (d537ec02474b5afe23684e7963d538896c63ac77-refs/branch-heads/4844@{#875}) on port 42562
Only local connections are allowed.
Please see https://chromedriver.chromium.org/security-considerations for suggestions on keeping ChromeDriver safe.
ChromeDriver was started successfully.
[1649870312.148][WARNING]: This version of ChromeDriver has not been tested with Chrome version 100.
Apr 13, 2022 10:48:32 PM org.openqa.selenium.remote.ProtocolHandshake createSession
INFO: Detected dialect: W3C
</system-err>
  </testcase>
  <testcase classname="This feature would be used to design the Login page of the application" name="Validate the Successful Login" time="1.386">
    <skipped/>
  </testcase>
  <testcase classname="This feature would be used to design the Login page of the application" name="Validate the Successful Login" time="1.386">
    <skipped/>
  </testcase>
  <testcase classname="This feature would be used to design the Login page of the application" name="Validate the Successful Login" time="1.387">
    <skipped/>
  </testcase>
  <testcase classname="This feature would be used to design the Login page of the application" name="Validate the Successful Login" time="1.387">
    <skipped/>
  </testcase>
  <testcase classname="This feature would be used to design the Login page of the application" name="Validate the Successful Login" time="1.387">
    <skipped/>
  </testcase>
  <testcase classname="This feature would be used to design the Login page of the application" name="Validate the Successful Login" time="1.406">
    <skipped/>
    <system-err>Starting ChromeDriver 99.0.4844.51 (d537ec02474b5afe23684e7963d538896c63ac77-refs/branch-heads/4844@{#875}) on port 26111
Only local connections are allowed.
Please see https://chromedriver.chromium.org/security-considerations for suggestions on keeping ChromeDriver safe.
ChromeDriver was started successfully.
[1649870313.555][WARNING]: This version of ChromeDriver has not been tested with Chrome version 100.
Apr 13, 2022 10:48:33 PM org.openqa.selenium.remote.ProtocolHandshake createSession
INFO: Detected dialect: W3C
</system-err>
  </testcase>
  <testcase classname="This feature would be used to design the Login page of the application" name="Validate the Successful Login" time="1.406">
    <skipped/>
  </testcase>
  <testcase classname="This feature would be used to design the Login page of the application" name="Validate the Successful Login" time="1.407">
    <skipped/>
  </testcase>
  <testcase classname="This feature would be used to design the Login page of the application" name="Validate the Successful Login" time="1.407">
    <skipped/>
  </testcase>
  <testcase classname="This feature would be used to design the Login page of the application" name="Validate the Successful Login" time="1.407">
    <skipped/>
  </testcase>
  <testcase classname="This feature would be used to design the Login page of the application" name="Validate the Successful Login" time="1.407">
    <skipped/>
  </testcase>
  <testcase classname="This feature would be used to design the Login page of the application" name="Validate the Negative Login using test data" time="1.426">
    <skipped/>
    <system-err>Starting ChromeDriver 99.0.4844.51 (d537ec02474b5afe23684e7963d538896c63ac77-refs/branch-heads/4844@{#875}) on port 6300
Only local connections are allowed.
Please see https://chromedriver.chromium.org/security-considerations for suggestions on keeping ChromeDriver safe.
ChromeDriver was started successfully.
[1649870314.979][WARNING]: This version of ChromeDriver has not been tested with Chrome version 100.
Apr 13, 2022 10:48:34 PM org.openqa.selenium.remote.ProtocolHandshake createSession
INFO: Detected dialect: W3C
</system-err>
  </testcase>
  <testcase classname="This feature would be used to design the Login page of the application" name="Validate the Negative Login using test data" time="1.426">
    <skipped/>
  </testcase>
  <testcase classname="This feature would be used to design the Login page of the application" name="Validate the Negative Login using test data" time="1.426">
    <skipped/>
  </testcase>
  <testcase classname="This feature would be used to design the Login page of the application" name="Validate the Negative Login using test data" time="1.426">
    <skipped/>
  </testcase>
  <testcase classname="This feature would be used to design the Login page of the application" name="Validate the Negative Login using test data" time="1.426">
    <skipped/>
  </testcase>
</testsuite>